E0428 13:34:34.782220  36  13661 control_plane.c:134] connect_any: connect: Connection refused
I0428 13:34:34.783718  36  13661 control_plane.c:170] ctrl_connect: +++ CLI --> SER   CLI_HELLO -T 1 -F 1 -l 10 -m 0
I0428 13:34:34.783738  36  13661 control_plane.c:64] recv_msg: --- CLI <-- SER   SER_ACK (2)
I0428 13:34:34.783773  36  13661 control_plane.c:179] ctrl_connect: +++ CLI <-- SER   SER_ACK -T 1 -F 1 -l 10 -m 0
I0428 13:34:34.783775  36  13661 control_plane.c:343] control_plane_start: connected to control port
I0428 13:34:34.806688  36  13661 thread.c:280] get_cpuset: 0	0	16	0	8
I0428 13:34:34.806695  36  13661 thread.c:280] get_cpuset: 1	0	16	0	8
I0428 13:34:34.806698  36  13661 thread.c:280] get_cpuset: 2	0	16	1	8
I0428 13:34:34.806700  36  13661 thread.c:280] get_cpuset: 3	0	16	1	8
I0428 13:34:34.806702  36  13661 thread.c:280] get_cpuset: 4	0	16	2	8
I0428 13:34:34.806704  36  13661 thread.c:280] get_cpuset: 5	0	16	2	8
I0428 13:34:34.806706  36  13661 thread.c:280] get_cpuset: 6	0	16	3	8
I0428 13:34:34.806708  36  13661 thread.c:280] get_cpuset: 7	0	16	3	8
I0428 13:34:34.806710  36  13661 thread.c:280] get_cpuset: 8	0	16	4	8
I0428 13:34:34.806712  36  13661 thread.c:280] get_cpuset: 9	0	16	4	8
I0428 13:34:34.806714  36  13661 thread.c:280] get_cpuset: 10	0	16	5	8
I0428 13:34:34.806716  36  13661 thread.c:280] get_cpuset: 11	0	16	5	8
I0428 13:34:34.806718  36  13661 thread.c:280] get_cpuset: 12	0	16	6	8
I0428 13:34:34.806720  36  13661 thread.c:280] get_cpuset: 13	0	16	6	8
I0428 13:34:34.806722  36  13661 thread.c:280] get_cpuset: 14	0	16	7	8
I0428 13:34:34.806724  36  13661 thread.c:280] get_cpuset: 15	0	16	7	8
I0428 13:34:34.806738  38  13661 thread.c:369] start_worker_threads: Number of allowed_cores = 16
I0428 13:34:34.807023  38  13661 thread.c:451] start_worker_threads: worker threads are ready
I0428 13:34:34.807027  38  13661 thread.c:569] run_main_thread: started worker threads
I0428 13:34:34.807095  38  13662 thread.c:311] thread_time_start: Setting time_start in thread 0
I0428 13:34:44.807078  38  13661 control_plane.c:371] control_plane_wait_until_done: finished sleep
I0428 13:34:44.807095  38  13661 thread.c:467] stop_worker_threads: told thread 0 to stop
I0428 13:34:44.807175  38  13661 thread.c:476] stop_worker_threads: joined thread 0
I0428 13:34:44.807178  38  13661 thread.c:482] stop_worker_threads: reschedule=0
I0428 13:34:44.807180  38  13661 thread.c:483] stop_worker_threads: delay=0
I0428 13:34:44.807182  38  13661 thread.c:484] stop_worker_threads: sleep=0
I0428 13:34:44.807184  38  13661 thread.c:580] run_main_thread: stopped worker threads
I0428 13:34:44.807351  63  13661 control_plane.c:308] ctrl_notify_server: +++ CLI --> SER   CLI_DONE rate 60699
I0428 13:34:44.807376  63  13661 control_plane.c:412] control_plane_stop: notified server to exit
I0428 13:34:44.807378  63  13661 control_plane.c:64] recv_msg: --- CLI <-- SER   CLI_BYE (4)
I0428 13:34:44.807497  63  13661 control_plane.c:416] control_plane_stop: +++ CLI <-- SER   SER_BYE rate 0
