I0428 13:39:07.046804  36  13723 control_plane.c:348] control_plane_start: opened control port
I0428 13:39:07.070907  36  13723 thread.c:280] get_cpuset: 0	0	16	0	8
I0428 13:39:07.070912  36  13723 thread.c:280] get_cpuset: 1	0	16	0	8
I0428 13:39:07.070915  36  13723 thread.c:280] get_cpuset: 2	0	16	1	8
I0428 13:39:07.070917  36  13723 thread.c:280] get_cpuset: 3	0	16	1	8
I0428 13:39:07.070919  36  13723 thread.c:280] get_cpuset: 4	0	16	2	8
I0428 13:39:07.070921  36  13723 thread.c:280] get_cpuset: 5	0	16	2	8
I0428 13:39:07.070923  36  13723 thread.c:280] get_cpuset: 6	0	16	3	8
I0428 13:39:07.070925  36  13723 thread.c:280] get_cpuset: 7	0	16	3	8
I0428 13:39:07.070927  36  13723 thread.c:280] get_cpuset: 8	0	16	4	8
I0428 13:39:07.070929  36  13723 thread.c:280] get_cpuset: 9	0	16	4	8
I0428 13:39:07.070931  36  13723 thread.c:280] get_cpuset: 10	0	16	5	8
I0428 13:39:07.070933  36  13723 thread.c:280] get_cpuset: 11	0	16	5	8
I0428 13:39:07.070935  36  13723 thread.c:280] get_cpuset: 12	0	16	6	8
I0428 13:39:07.070937  36  13723 thread.c:280] get_cpuset: 13	0	16	6	8
I0428 13:39:07.070939  36  13723 thread.c:280] get_cpuset: 14	0	16	7	8
I0428 13:39:07.070941  36  13723 thread.c:280] get_cpuset: 15	0	16	7	8
I0428 13:39:07.070953  38  13723 thread.c:369] start_worker_threads: Number of allowed_cores = 16
I0428 13:39:07.071213  38  13723 thread.c:451] start_worker_threads: worker threads are ready
I0428 13:39:07.071217  38  13723 thread.c:569] run_main_thread: started worker threads
I0428 13:39:07.071221  38  13723 control_plane.c:385] control_plane_wait_until_done: expecting 1 clients
I0428 13:39:33.825113  38  13723 control_plane.c:249] ctrl_accept: +++ SER <-- CLI ? CLI_HELLO
I0428 13:39:33.825125  38  13723 control_plane.c:271] ctrl_accept: +++ SER <-- CLI   CLI_HELLO -T 2 -F 10 -l 10 -m 0
I0428 13:39:33.825128  38  13723 control_plane.c:282] ctrl_accept: +++ SER --> CLI   SER_ACK -T 2 -F 10 -l 10
I0428 13:39:33.825145  38  13723 control_plane.c:284] ctrl_accept: Control connection established with 127.0.0.1:60068
I0428 13:39:33.825149  38  13723 control_plane.c:390] control_plane_wait_until_done: client 0 connected
I0428 13:39:33.825159  38  13723 control_plane.c:397] control_plane_wait_until_done: expecting 1 notifications
I0428 13:39:33.825162  38  13723 control_plane.c:64] recv_msg: --- SER <-- CLI   CLI_DONE (3)
I0428 13:39:43.844659  38  13723 control_plane.c:298] ctrl_wait_client: +++ SER <-- CLI   CLI_DONE rate 443583
I0428 13:39:43.844667  38  13723 control_plane.c:401] control_plane_wait_until_done: received notification 0
I0428 13:39:43.844677  38  13723 thread.c:467] stop_worker_threads: told thread 0 to stop
I0428 13:39:43.844683  38  13723 thread.c:467] stop_worker_threads: told thread 1 to stop
I0428 13:39:43.844717  38  13723 thread.c:476] stop_worker_threads: joined thread 0
I0428 13:39:43.844720  38  13723 thread.c:476] stop_worker_threads: joined thread 1
I0428 13:39:43.844722  38  13723 thread.c:482] stop_worker_threads: reschedule=0
I0428 13:39:43.844725  38  13723 thread.c:483] stop_worker_threads: delay=0
I0428 13:39:43.844727  38  13723 thread.c:484] stop_worker_threads: sleep=0
I0428 13:39:43.844729  38  13723 thread.c:580] run_main_thread: stopped worker threads
I0428 13:39:43.844791  54  13723 control_plane.c:429] control_plane_stop: +++ SER --> CLI SER_BYE rate 0
