I0503 23:09:55.198602  36   4742 control_plane.c:348] control_plane_start: opened control port
I0503 23:09:55.219624  36   4742 thread.c:280] get_cpuset: 0	0	16	0	8
I0503 23:09:55.219632  36   4742 thread.c:280] get_cpuset: 1	0	16	0	8
I0503 23:09:55.219634  36   4742 thread.c:280] get_cpuset: 2	0	16	1	8
I0503 23:09:55.219637  36   4742 thread.c:280] get_cpuset: 3	0	16	1	8
I0503 23:09:55.219639  36   4742 thread.c:280] get_cpuset: 4	0	16	2	8
I0503 23:09:55.219641  36   4742 thread.c:280] get_cpuset: 5	0	16	2	8
I0503 23:09:55.219643  36   4742 thread.c:280] get_cpuset: 6	0	16	3	8
I0503 23:09:55.219645  36   4742 thread.c:280] get_cpuset: 7	0	16	3	8
I0503 23:09:55.219647  36   4742 thread.c:280] get_cpuset: 8	0	16	4	8
I0503 23:09:55.219649  36   4742 thread.c:280] get_cpuset: 9	0	16	4	8
I0503 23:09:55.219651  36   4742 thread.c:280] get_cpuset: 10	0	16	5	8
I0503 23:09:55.219653  36   4742 thread.c:280] get_cpuset: 11	0	16	5	8
I0503 23:09:55.219655  36   4742 thread.c:280] get_cpuset: 12	0	16	6	8
I0503 23:09:55.219657  36   4742 thread.c:280] get_cpuset: 13	0	16	6	8
I0503 23:09:55.219659  36   4742 thread.c:280] get_cpuset: 14	0	16	7	8
I0503 23:09:55.219661  36   4742 thread.c:280] get_cpuset: 15	0	16	7	8
I0503 23:09:55.219676  38   4742 thread.c:369] start_worker_threads: Number of allowed_cores = 16
I0503 23:09:55.219839  38   4742 thread.c:451] start_worker_threads: worker threads are ready
I0503 23:09:55.219843  38   4742 thread.c:569] run_main_thread: started worker threads
I0503 23:09:55.219848  38   4742 control_plane.c:385] control_plane_wait_until_done: expecting 1 clients
I0503 23:09:57.937555  38   4742 control_plane.c:249] ctrl_accept: +++ SER <-- CLI ? CLI_HELLO
I0503 23:09:57.937567  38   4742 control_plane.c:271] ctrl_accept: +++ SER <-- CLI   CLI_HELLO -T 1 -F 10 -l 60 -m 0
I0503 23:09:57.937570  38   4742 control_plane.c:282] ctrl_accept: +++ SER --> CLI   SER_ACK -T 1 -F 10 -l 10
I0503 23:09:57.937596  38   4742 control_plane.c:284] ctrl_accept: Control connection established with 127.0.0.1:53496
I0503 23:09:57.937599  38   4742 control_plane.c:390] control_plane_wait_until_done: client 0 connected
I0503 23:09:57.937609  38   4742 control_plane.c:397] control_plane_wait_until_done: expecting 1 notifications
I0503 23:09:57.937611  38   4742 control_plane.c:64] recv_msg: --- SER <-- CLI   CLI_DONE (3)
I0503 23:10:57.960464  38   4742 control_plane.c:298] ctrl_wait_client: +++ SER <-- CLI   CLI_DONE rate 180034
I0503 23:10:57.960469  38   4742 control_plane.c:401] control_plane_wait_until_done: received notification 0
I0503 23:10:57.960475  38   4742 thread.c:467] stop_worker_threads: told thread 0 to stop
I0503 23:10:57.960528  38   4742 thread.c:476] stop_worker_threads: joined thread 0
I0503 23:10:57.960530  38   4742 thread.c:482] stop_worker_threads: reschedule=0
I0503 23:10:57.960531  38   4742 thread.c:483] stop_worker_threads: delay=0
I0503 23:10:57.960532  38   4742 thread.c:484] stop_worker_threads: sleep=0
I0503 23:10:57.960533  38   4742 thread.c:580] run_main_thread: stopped worker threads
I0503 23:10:57.960567  54   4742 control_plane.c:429] control_plane_stop: +++ SER --> CLI SER_BYE rate 0
