I0428 13:35:01.480498  36  13670 control_plane.c:348] control_plane_start: opened control port
I0428 13:35:01.499018  36  13670 thread.c:280] get_cpuset: 0	0	16	0	8
I0428 13:35:01.499028  36  13670 thread.c:280] get_cpuset: 1	0	16	0	8
I0428 13:35:01.499030  36  13670 thread.c:280] get_cpuset: 2	0	16	1	8
I0428 13:35:01.499032  36  13670 thread.c:280] get_cpuset: 3	0	16	1	8
I0428 13:35:01.499034  36  13670 thread.c:280] get_cpuset: 4	0	16	2	8
I0428 13:35:01.499036  36  13670 thread.c:280] get_cpuset: 5	0	16	2	8
I0428 13:35:01.499038  36  13670 thread.c:280] get_cpuset: 6	0	16	3	8
I0428 13:35:01.499040  36  13670 thread.c:280] get_cpuset: 7	0	16	3	8
I0428 13:35:01.499042  36  13670 thread.c:280] get_cpuset: 8	0	16	4	8
I0428 13:35:01.499044  36  13670 thread.c:280] get_cpuset: 9	0	16	4	8
I0428 13:35:01.499046  36  13670 thread.c:280] get_cpuset: 10	0	16	5	8
I0428 13:35:01.499048  36  13670 thread.c:280] get_cpuset: 11	0	16	5	8
I0428 13:35:01.499050  36  13670 thread.c:280] get_cpuset: 12	0	16	6	8
I0428 13:35:01.499052  36  13670 thread.c:280] get_cpuset: 13	0	16	6	8
I0428 13:35:01.499054  36  13670 thread.c:280] get_cpuset: 14	0	16	7	8
I0428 13:35:01.499056  36  13670 thread.c:280] get_cpuset: 15	0	16	7	8
I0428 13:35:01.499073  38  13670 thread.c:369] start_worker_threads: Number of allowed_cores = 16
I0428 13:35:01.499263  38  13670 thread.c:451] start_worker_threads: worker threads are ready
I0428 13:35:01.499267  38  13670 thread.c:569] run_main_thread: started worker threads
I0428 13:35:01.499273  38  13670 control_plane.c:385] control_plane_wait_until_done: expecting 1 clients
I0428 13:35:03.560656  38  13670 control_plane.c:249] ctrl_accept: +++ SER <-- CLI ? CLI_HELLO
I0428 13:35:03.560668  38  13670 control_plane.c:271] ctrl_accept: +++ SER <-- CLI   CLI_HELLO -T 1 -F 1 -l 10 -m 0
I0428 13:35:03.560670  38  13670 control_plane.c:282] ctrl_accept: +++ SER --> CLI   SER_ACK -T 1 -F 1 -l 10
I0428 13:35:03.560692  38  13670 control_plane.c:284] ctrl_accept: Control connection established with 127.0.0.1:60052
I0428 13:35:03.560695  38  13670 control_plane.c:390] control_plane_wait_until_done: client 0 connected
I0428 13:35:03.560704  38  13670 control_plane.c:397] control_plane_wait_until_done: expecting 1 notifications
I0428 13:35:03.560706  38  13670 control_plane.c:64] recv_msg: --- SER <-- CLI   CLI_DONE (3)
I0428 13:35:13.579460  38  13670 control_plane.c:298] ctrl_wait_client: +++ SER <-- CLI   CLI_DONE rate 89764
I0428 13:35:13.579467  38  13670 control_plane.c:401] control_plane_wait_until_done: received notification 0
I0428 13:35:13.579476  38  13670 thread.c:467] stop_worker_threads: told thread 0 to stop
I0428 13:35:13.579519  38  13670 thread.c:476] stop_worker_threads: joined thread 0
I0428 13:35:13.579522  38  13670 thread.c:482] stop_worker_threads: reschedule=0
I0428 13:35:13.579523  38  13670 thread.c:483] stop_worker_threads: delay=0
I0428 13:35:13.579525  38  13670 thread.c:484] stop_worker_threads: sleep=0
I0428 13:35:13.579527  38  13670 thread.c:580] run_main_thread: stopped worker threads
I0428 13:35:13.579583  54  13670 control_plane.c:429] control_plane_stop: +++ SER --> CLI SER_BYE rate 0
