E0429 23:34:40.008793  36   6528 control_plane.c:134] connect_any: connect: Connection refused
I0429 23:34:40.008872  36   6528 control_plane.c:170] ctrl_connect: +++ CLI --> SER   CLI_HELLO -T 2 -F 10 -l 10 -m 0
I0429 23:34:40.008886  36   6528 control_plane.c:64] recv_msg: --- CLI <-- SER   SER_ACK (2)
I0429 23:34:40.008981  36   6528 control_plane.c:179] ctrl_connect: +++ CLI <-- SER   SER_ACK -T 2 -F 10 -l 10 -m 0
I0429 23:34:40.008988  36   6528 control_plane.c:343] control_plane_start: connected to control port
I0429 23:34:40.028750  36   6528 thread.c:280] get_cpuset: 0	0	16	0	8
I0429 23:34:40.028758  36   6528 thread.c:280] get_cpuset: 1	0	16	0	8
I0429 23:34:40.028760  36   6528 thread.c:280] get_cpuset: 2	0	16	1	8
I0429 23:34:40.028763  36   6528 thread.c:280] get_cpuset: 3	0	16	1	8
I0429 23:34:40.028765  36   6528 thread.c:280] get_cpuset: 4	0	16	2	8
I0429 23:34:40.028767  36   6528 thread.c:280] get_cpuset: 5	0	16	2	8
I0429 23:34:40.028769  36   6528 thread.c:280] get_cpuset: 6	0	16	3	8
I0429 23:34:40.028771  36   6528 thread.c:280] get_cpuset: 7	0	16	3	8
I0429 23:34:40.028773  36   6528 thread.c:280] get_cpuset: 8	0	16	4	8
I0429 23:34:40.028775  36   6528 thread.c:280] get_cpuset: 9	0	16	4	8
I0429 23:34:40.028777  36   6528 thread.c:280] get_cpuset: 10	0	16	5	8
I0429 23:34:40.028779  36   6528 thread.c:280] get_cpuset: 11	0	16	5	8
I0429 23:34:40.028781  36   6528 thread.c:280] get_cpuset: 12	0	16	6	8
I0429 23:34:40.028783  36   6528 thread.c:280] get_cpuset: 13	0	16	6	8
I0429 23:34:40.028785  36   6528 thread.c:280] get_cpuset: 14	0	16	7	8
I0429 23:34:40.028787  36   6528 thread.c:280] get_cpuset: 15	0	16	7	8
I0429 23:34:40.028803  38   6528 thread.c:369] start_worker_threads: Number of allowed_cores = 16
I0429 23:34:40.029489  38   6528 thread.c:451] start_worker_threads: worker threads are ready
I0429 23:34:40.029493  38   6528 thread.c:569] run_main_thread: started worker threads
I0429 23:34:40.029540  38   6530 thread.c:311] thread_time_start: Setting time_start in thread 1
I0429 23:34:50.029523  38   6528 control_plane.c:371] control_plane_wait_until_done: finished sleep
I0429 23:34:50.029536  38   6528 thread.c:467] stop_worker_threads: told thread 0 to stop
I0429 23:34:50.029540  38   6528 thread.c:467] stop_worker_threads: told thread 1 to stop
I0429 23:34:50.029599  38   6528 thread.c:476] stop_worker_threads: joined thread 0
I0429 23:34:50.029628  38   6528 thread.c:476] stop_worker_threads: joined thread 1
I0429 23:34:50.029631  38   6528 thread.c:482] stop_worker_threads: reschedule=0
I0429 23:34:50.029633  38   6528 thread.c:483] stop_worker_threads: delay=0
I0429 23:34:50.029635  38   6528 thread.c:484] stop_worker_threads: sleep=0
I0429 23:34:50.029637  38   6528 thread.c:580] run_main_thread: stopped worker threads
I0429 23:34:50.029860  63   6528 control_plane.c:308] ctrl_notify_server: +++ CLI --> SER   CLI_DONE rate 398696
I0429 23:34:50.029882  63   6528 control_plane.c:412] control_plane_stop: notified server to exit
I0429 23:34:50.029885  63   6528 control_plane.c:64] recv_msg: --- CLI <-- SER   CLI_BYE (4)
I0429 23:34:50.029984  63   6528 control_plane.c:416] control_plane_stop: +++ CLI <-- SER   SER_BYE rate 0
