I0428 13:40:04.714614  36  13742 control_plane.c:348] control_plane_start: opened control port
I0428 13:40:04.734744  36  13742 thread.c:280] get_cpuset: 0	0	16	0	8
I0428 13:40:04.734750  36  13742 thread.c:280] get_cpuset: 1	0	16	0	8
I0428 13:40:04.734753  36  13742 thread.c:280] get_cpuset: 2	0	16	1	8
I0428 13:40:04.734755  36  13742 thread.c:280] get_cpuset: 3	0	16	1	8
I0428 13:40:04.734757  36  13742 thread.c:280] get_cpuset: 4	0	16	2	8
I0428 13:40:04.734760  36  13742 thread.c:280] get_cpuset: 5	0	16	2	8
I0428 13:40:04.734762  36  13742 thread.c:280] get_cpuset: 6	0	16	3	8
I0428 13:40:04.734764  36  13742 thread.c:280] get_cpuset: 7	0	16	3	8
I0428 13:40:04.734766  36  13742 thread.c:280] get_cpuset: 8	0	16	4	8
I0428 13:40:04.734768  36  13742 thread.c:280] get_cpuset: 9	0	16	4	8
I0428 13:40:04.734770  36  13742 thread.c:280] get_cpuset: 10	0	16	5	8
I0428 13:40:04.734773  36  13742 thread.c:280] get_cpuset: 11	0	16	5	8
I0428 13:40:04.734775  36  13742 thread.c:280] get_cpuset: 12	0	16	6	8
I0428 13:40:04.734777  36  13742 thread.c:280] get_cpuset: 13	0	16	6	8
I0428 13:40:04.734779  36  13742 thread.c:280] get_cpuset: 14	0	16	7	8
I0428 13:40:04.734781  36  13742 thread.c:280] get_cpuset: 15	0	16	7	8
I0428 13:40:04.734793  38  13742 thread.c:369] start_worker_threads: Number of allowed_cores = 16
I0428 13:40:04.735012  38  13742 thread.c:451] start_worker_threads: worker threads are ready
I0428 13:40:04.735016  38  13742 thread.c:569] run_main_thread: started worker threads
I0428 13:40:04.735021  38  13742 control_plane.c:385] control_plane_wait_until_done: expecting 1 clients
I0428 13:40:07.082775  38  13742 control_plane.c:249] ctrl_accept: +++ SER <-- CLI ? CLI_HELLO
I0428 13:40:07.082786  38  13742 control_plane.c:271] ctrl_accept: +++ SER <-- CLI   CLI_HELLO -T 2 -F 10 -l 10 -m 0
I0428 13:40:07.082789  38  13742 control_plane.c:282] ctrl_accept: +++ SER --> CLI   SER_ACK -T 2 -F 10 -l 10
I0428 13:40:07.082814  38  13742 control_plane.c:284] ctrl_accept: Control connection established with 127.0.0.1:60094
I0428 13:40:07.082816  38  13742 control_plane.c:390] control_plane_wait_until_done: client 0 connected
I0428 13:40:07.082826  38  13742 control_plane.c:397] control_plane_wait_until_done: expecting 1 notifications
I0428 13:40:07.082828  38  13742 control_plane.c:64] recv_msg: --- SER <-- CLI   CLI_DONE (3)
I0428 13:40:17.104130  38  13742 control_plane.c:298] ctrl_wait_client: +++ SER <-- CLI   CLI_DONE rate 382381
I0428 13:40:17.104134  38  13742 control_plane.c:401] control_plane_wait_until_done: received notification 0
I0428 13:40:17.104140  38  13742 thread.c:467] stop_worker_threads: told thread 0 to stop
I0428 13:40:17.104143  38  13742 thread.c:467] stop_worker_threads: told thread 1 to stop
I0428 13:40:17.104175  38  13742 thread.c:476] stop_worker_threads: joined thread 0
I0428 13:40:17.104176  38  13742 thread.c:476] stop_worker_threads: joined thread 1
I0428 13:40:17.104177  38  13742 thread.c:482] stop_worker_threads: reschedule=0
I0428 13:40:17.104178  38  13742 thread.c:483] stop_worker_threads: delay=0
I0428 13:40:17.104179  38  13742 thread.c:484] stop_worker_threads: sleep=0
I0428 13:40:17.104180  38  13742 thread.c:580] run_main_thread: stopped worker threads
I0428 13:40:17.104216  54  13742 control_plane.c:429] control_plane_stop: +++ SER --> CLI SER_BYE rate 0
