I0430 08:35:10.531339  36   5000 control_plane.c:348] control_plane_start: opened control port
I0430 08:35:10.548766  36   5000 thread.c:280] get_cpuset: 0	0	16	0	8
I0430 08:35:10.548771  36   5000 thread.c:280] get_cpuset: 1	0	16	0	8
I0430 08:35:10.548774  36   5000 thread.c:280] get_cpuset: 2	0	16	1	8
I0430 08:35:10.548776  36   5000 thread.c:280] get_cpuset: 3	0	16	1	8
I0430 08:35:10.548779  36   5000 thread.c:280] get_cpuset: 4	0	16	2	8
I0430 08:35:10.548781  36   5000 thread.c:280] get_cpuset: 5	0	16	2	8
I0430 08:35:10.548783  36   5000 thread.c:280] get_cpuset: 6	0	16	3	8
I0430 08:35:10.548785  36   5000 thread.c:280] get_cpuset: 7	0	16	3	8
I0430 08:35:10.548787  36   5000 thread.c:280] get_cpuset: 8	0	16	4	8
I0430 08:35:10.548789  36   5000 thread.c:280] get_cpuset: 9	0	16	4	8
I0430 08:35:10.548791  36   5000 thread.c:280] get_cpuset: 10	0	16	5	8
I0430 08:35:10.548793  36   5000 thread.c:280] get_cpuset: 11	0	16	5	8
I0430 08:35:10.548795  36   5000 thread.c:280] get_cpuset: 12	0	16	6	8
I0430 08:35:10.548797  36   5000 thread.c:280] get_cpuset: 13	0	16	6	8
I0430 08:35:10.548799  36   5000 thread.c:280] get_cpuset: 14	0	16	7	8
I0430 08:35:10.548801  36   5000 thread.c:280] get_cpuset: 15	0	16	7	8
I0430 08:35:10.548811  38   5000 thread.c:369] start_worker_threads: Number of allowed_cores = 16
I0430 08:35:10.548965  38   5000 thread.c:451] start_worker_threads: worker threads are ready
I0430 08:35:10.548968  38   5000 thread.c:569] run_main_thread: started worker threads
I0430 08:35:10.548972  38   5000 control_plane.c:385] control_plane_wait_until_done: expecting 1 clients
I0430 08:35:29.751346  38   5000 control_plane.c:249] ctrl_accept: +++ SER <-- CLI ? CLI_HELLO
I0430 08:35:29.751357  38   5000 control_plane.c:271] ctrl_accept: +++ SER <-- CLI   CLI_HELLO -T 2 -F 10 -l 100 -m 0
I0430 08:35:29.751359  38   5000 control_plane.c:282] ctrl_accept: +++ SER --> CLI   SER_ACK -T 1 -F 1 -l 100
I0430 08:35:29.751381  38   5000 control_plane.c:284] ctrl_accept: Control connection established with 127.0.0.1:57838
I0430 08:35:29.751384  38   5000 control_plane.c:390] control_plane_wait_until_done: client 0 connected
I0430 08:35:29.751393  38   5000 control_plane.c:397] control_plane_wait_until_done: expecting 1 notifications
I0430 08:35:29.751395  38   5000 control_plane.c:64] recv_msg: --- SER <-- CLI   CLI_DONE (3)
E0430 08:35:34.677182  38   5000 control_plane.c:75] recv_msg: ctrl_wait_client: Read error: read want 72 bytes, magic 42 type 3, have 0 0 0
W0430 08:35:34.677218  38   5000 control_plane.c:294] ctrl_wait_client: Abandoning client
I0430 08:35:34.677221  38   5000 control_plane.c:401] control_plane_wait_until_done: received notification 0
I0430 08:35:34.677227  38   5000 thread.c:467] stop_worker_threads: told thread 0 to stop
I0430 08:35:34.677265  38   5000 thread.c:476] stop_worker_threads: joined thread 0
I0430 08:35:34.677266  38   5000 thread.c:482] stop_worker_threads: reschedule=0
I0430 08:35:34.677267  38   5000 thread.c:483] stop_worker_threads: delay=0
I0430 08:35:34.677268  38   5000 thread.c:484] stop_worker_threads: sleep=0
I0430 08:35:34.677270  38   5000 thread.c:580] run_main_thread: stopped worker threads
I0430 08:35:34.677311  54   5000 control_plane.c:429] control_plane_stop: +++ SER --> CLI SER_BYE rate 0
