I0428 13:34:01.251875  36  13651 control_plane.c:348] control_plane_start: opened control port
I0428 13:34:01.270766  36  13651 thread.c:280] get_cpuset: 0	0	16	0	8
I0428 13:34:01.270774  36  13651 thread.c:280] get_cpuset: 1	0	16	0	8
I0428 13:34:01.270777  36  13651 thread.c:280] get_cpuset: 2	0	16	1	8
I0428 13:34:01.270779  36  13651 thread.c:280] get_cpuset: 3	0	16	1	8
I0428 13:34:01.270781  36  13651 thread.c:280] get_cpuset: 4	0	16	2	8
I0428 13:34:01.270783  36  13651 thread.c:280] get_cpuset: 5	0	16	2	8
I0428 13:34:01.270785  36  13651 thread.c:280] get_cpuset: 6	0	16	3	8
I0428 13:34:01.270787  36  13651 thread.c:280] get_cpuset: 7	0	16	3	8
I0428 13:34:01.270789  36  13651 thread.c:280] get_cpuset: 8	0	16	4	8
I0428 13:34:01.270791  36  13651 thread.c:280] get_cpuset: 9	0	16	4	8
I0428 13:34:01.270793  36  13651 thread.c:280] get_cpuset: 10	0	16	5	8
I0428 13:34:01.270795  36  13651 thread.c:280] get_cpuset: 11	0	16	5	8
I0428 13:34:01.270797  36  13651 thread.c:280] get_cpuset: 12	0	16	6	8
I0428 13:34:01.270799  36  13651 thread.c:280] get_cpuset: 13	0	16	6	8
I0428 13:34:01.270801  36  13651 thread.c:280] get_cpuset: 14	0	16	7	8
I0428 13:34:01.270803  36  13651 thread.c:280] get_cpuset: 15	0	16	7	8
I0428 13:34:01.270819  38  13651 thread.c:369] start_worker_threads: Number of allowed_cores = 16
I0428 13:34:01.270996  38  13651 thread.c:451] start_worker_threads: worker threads are ready
I0428 13:34:01.271000  38  13651 thread.c:569] run_main_thread: started worker threads
I0428 13:34:01.271005  38  13651 control_plane.c:385] control_plane_wait_until_done: expecting 1 clients
I0428 13:34:09.420706  38  13651 control_plane.c:249] ctrl_accept: +++ SER <-- CLI ? CLI_HELLO
I0428 13:34:09.420718  38  13651 control_plane.c:271] ctrl_accept: +++ SER <-- CLI   CLI_HELLO -T 1 -F 1 -l 10 -m 0
I0428 13:34:09.420721  38  13651 control_plane.c:282] ctrl_accept: +++ SER --> CLI   SER_ACK -T 1 -F 1 -l 10
I0428 13:34:09.420746  38  13651 control_plane.c:284] ctrl_accept: Control connection established with 127.0.0.1:60040
I0428 13:34:09.420749  38  13651 control_plane.c:390] control_plane_wait_until_done: client 0 connected
I0428 13:34:09.420759  38  13651 control_plane.c:397] control_plane_wait_until_done: expecting 1 notifications
I0428 13:34:09.420761  38  13651 control_plane.c:64] recv_msg: --- SER <-- CLI   CLI_DONE (3)
E0428 13:34:16.842627  38  13651 control_plane.c:75] recv_msg: ctrl_wait_client: Read error: read want 72 bytes, magic 42 type 3, have 0 0 0
W0428 13:34:16.842672  38  13651 control_plane.c:294] ctrl_wait_client: Abandoning client
I0428 13:34:16.842677  38  13651 control_plane.c:401] control_plane_wait_until_done: received notification 0
I0428 13:34:16.842683  38  13651 thread.c:467] stop_worker_threads: told thread 0 to stop
I0428 13:34:16.842717  38  13651 thread.c:476] stop_worker_threads: joined thread 0
I0428 13:34:16.842720  38  13651 thread.c:482] stop_worker_threads: reschedule=0
I0428 13:34:16.842721  38  13651 thread.c:483] stop_worker_threads: delay=0
I0428 13:34:16.842722  38  13651 thread.c:484] stop_worker_threads: sleep=0
I0428 13:34:16.842724  38  13651 thread.c:580] run_main_thread: stopped worker threads
I0428 13:34:16.842775  54  13651 control_plane.c:429] control_plane_stop: +++ SER --> CLI SER_BYE rate 0
