I0428 13:34:20.660817  36  13656 control_plane.c:348] control_plane_start: opened control port
I0428 13:34:20.682269  36  13656 thread.c:280] get_cpuset: 0	0	16	0	8
I0428 13:34:20.682275  36  13656 thread.c:280] get_cpuset: 1	0	16	0	8
I0428 13:34:20.682276  36  13656 thread.c:280] get_cpuset: 2	0	16	1	8
I0428 13:34:20.682277  36  13656 thread.c:280] get_cpuset: 3	0	16	1	8
I0428 13:34:20.682278  36  13656 thread.c:280] get_cpuset: 4	0	16	2	8
I0428 13:34:20.682280  36  13656 thread.c:280] get_cpuset: 5	0	16	2	8
I0428 13:34:20.682281  36  13656 thread.c:280] get_cpuset: 6	0	16	3	8
I0428 13:34:20.682282  36  13656 thread.c:280] get_cpuset: 7	0	16	3	8
I0428 13:34:20.682283  36  13656 thread.c:280] get_cpuset: 8	0	16	4	8
I0428 13:34:20.682284  36  13656 thread.c:280] get_cpuset: 9	0	16	4	8
I0428 13:34:20.682285  36  13656 thread.c:280] get_cpuset: 10	0	16	5	8
I0428 13:34:20.682286  36  13656 thread.c:280] get_cpuset: 11	0	16	5	8
I0428 13:34:20.682287  36  13656 thread.c:280] get_cpuset: 12	0	16	6	8
I0428 13:34:20.682288  36  13656 thread.c:280] get_cpuset: 13	0	16	6	8
I0428 13:34:20.682289  36  13656 thread.c:280] get_cpuset: 14	0	16	7	8
I0428 13:34:20.682290  36  13656 thread.c:280] get_cpuset: 15	0	16	7	8
I0428 13:34:20.682300  38  13656 thread.c:369] start_worker_threads: Number of allowed_cores = 16
I0428 13:34:20.682442  38  13656 thread.c:451] start_worker_threads: worker threads are ready
I0428 13:34:20.682445  38  13656 thread.c:569] run_main_thread: started worker threads
I0428 13:34:20.682448  38  13656 control_plane.c:385] control_plane_wait_until_done: expecting 1 clients
I0428 13:34:34.783735  38  13656 control_plane.c:249] ctrl_accept: +++ SER <-- CLI ? CLI_HELLO
I0428 13:34:34.783746  38  13656 control_plane.c:271] ctrl_accept: +++ SER <-- CLI   CLI_HELLO -T 1 -F 1 -l 10 -m 0
I0428 13:34:34.783748  38  13656 control_plane.c:282] ctrl_accept: +++ SER --> CLI   SER_ACK -T 1 -F 1 -l 10
I0428 13:34:34.783771  38  13656 control_plane.c:284] ctrl_accept: Control connection established with 127.0.0.1:60046
I0428 13:34:34.783773  38  13656 control_plane.c:390] control_plane_wait_until_done: client 0 connected
I0428 13:34:34.783783  38  13656 control_plane.c:397] control_plane_wait_until_done: expecting 1 notifications
I0428 13:34:34.783785  38  13656 control_plane.c:64] recv_msg: --- SER <-- CLI   CLI_DONE (3)
I0428 13:34:44.807374  38  13656 control_plane.c:298] ctrl_wait_client: +++ SER <-- CLI   CLI_DONE rate 60699
I0428 13:34:44.807379  38  13656 control_plane.c:401] control_plane_wait_until_done: received notification 0
I0428 13:34:44.807386  38  13656 thread.c:467] stop_worker_threads: told thread 0 to stop
I0428 13:34:44.807430  38  13656 thread.c:476] stop_worker_threads: joined thread 0
I0428 13:34:44.807431  38  13656 thread.c:482] stop_worker_threads: reschedule=0
I0428 13:34:44.807432  38  13656 thread.c:483] stop_worker_threads: delay=0
I0428 13:34:44.807434  38  13656 thread.c:484] stop_worker_threads: sleep=0
I0428 13:34:44.807435  38  13656 thread.c:580] run_main_thread: stopped worker threads
I0428 13:34:44.807481  54  13656 control_plane.c:429] control_plane_stop: +++ SER --> CLI SER_BYE rate 0
