I0503 23:20:07.641516  36   5470 control_plane.c:348] control_plane_start: opened control port
I0503 23:20:07.659298  36   5470 thread.c:280] get_cpuset: 0	0	16	0	8
I0503 23:20:07.659307  36   5470 thread.c:280] get_cpuset: 1	0	16	0	8
I0503 23:20:07.659310  36   5470 thread.c:280] get_cpuset: 2	0	16	1	8
I0503 23:20:07.659312  36   5470 thread.c:280] get_cpuset: 3	0	16	1	8
I0503 23:20:07.659314  36   5470 thread.c:280] get_cpuset: 4	0	16	2	8
I0503 23:20:07.659316  36   5470 thread.c:280] get_cpuset: 5	0	16	2	8
I0503 23:20:07.659318  36   5470 thread.c:280] get_cpuset: 6	0	16	3	8
I0503 23:20:07.659320  36   5470 thread.c:280] get_cpuset: 7	0	16	3	8
I0503 23:20:07.659322  36   5470 thread.c:280] get_cpuset: 8	0	16	4	8
I0503 23:20:07.659324  36   5470 thread.c:280] get_cpuset: 9	0	16	4	8
I0503 23:20:07.659326  36   5470 thread.c:280] get_cpuset: 10	0	16	5	8
I0503 23:20:07.659328  36   5470 thread.c:280] get_cpuset: 11	0	16	5	8
I0503 23:20:07.659330  36   5470 thread.c:280] get_cpuset: 12	0	16	6	8
I0503 23:20:07.659332  36   5470 thread.c:280] get_cpuset: 13	0	16	6	8
I0503 23:20:07.659334  36   5470 thread.c:280] get_cpuset: 14	0	16	7	8
I0503 23:20:07.659336  36   5470 thread.c:280] get_cpuset: 15	0	16	7	8
I0503 23:20:07.659356  38   5470 thread.c:369] start_worker_threads: Number of allowed_cores = 16
I0503 23:20:07.659573  38   5470 thread.c:451] start_worker_threads: worker threads are ready
I0503 23:20:07.659577  38   5470 thread.c:569] run_main_thread: started worker threads
I0503 23:20:07.659583  38   5470 control_plane.c:385] control_plane_wait_until_done: expecting 1 clients
I0503 23:20:08.617893  38   5470 control_plane.c:249] ctrl_accept: +++ SER <-- CLI ? CLI_HELLO
I0503 23:20:08.617904  38   5470 control_plane.c:271] ctrl_accept: +++ SER <-- CLI   CLI_HELLO -T 1 -F 10 -l 60 -m 0
I0503 23:20:08.617907  38   5470 control_plane.c:282] ctrl_accept: +++ SER --> CLI   SER_ACK -T 1 -F 10 -l 10
I0503 23:20:08.617929  38   5470 control_plane.c:284] ctrl_accept: Control connection established with 127.0.0.1:53696
I0503 23:20:08.617931  38   5470 control_plane.c:390] control_plane_wait_until_done: client 0 connected
I0503 23:20:08.617940  38   5470 control_plane.c:397] control_plane_wait_until_done: expecting 1 notifications
I0503 23:20:08.617943  38   5470 control_plane.c:64] recv_msg: --- SER <-- CLI   CLI_DONE (3)
I0503 23:21:08.619569  38   5470 control_plane.c:298] ctrl_wait_client: +++ SER <-- CLI   CLI_DONE rate 179835
I0503 23:21:08.619575  38   5470 control_plane.c:401] control_plane_wait_until_done: received notification 0
I0503 23:21:08.619584  38   5470 thread.c:467] stop_worker_threads: told thread 0 to stop
I0503 23:21:08.619621  38   5470 thread.c:476] stop_worker_threads: joined thread 0
I0503 23:21:08.619623  38   5470 thread.c:482] stop_worker_threads: reschedule=0
I0503 23:21:08.619625  38   5470 thread.c:483] stop_worker_threads: delay=0
I0503 23:21:08.619627  38   5470 thread.c:484] stop_worker_threads: sleep=0
I0503 23:21:08.619629  38   5470 thread.c:580] run_main_thread: stopped worker threads
I0503 23:21:08.619672  54   5470 control_plane.c:429] control_plane_stop: +++ SER --> CLI SER_BYE rate 0
