I0430 08:38:02.934844  36   5233 control_plane.c:348] control_plane_start: opened control port
I0430 08:38:02.952728  36   5233 thread.c:280] get_cpuset: 0	0	16	0	8
I0430 08:38:02.952733  36   5233 thread.c:280] get_cpuset: 1	0	16	0	8
I0430 08:38:02.952736  36   5233 thread.c:280] get_cpuset: 2	0	16	1	8
I0430 08:38:02.952738  36   5233 thread.c:280] get_cpuset: 3	0	16	1	8
I0430 08:38:02.952740  36   5233 thread.c:280] get_cpuset: 4	0	16	2	8
I0430 08:38:02.952742  36   5233 thread.c:280] get_cpuset: 5	0	16	2	8
I0430 08:38:02.952744  36   5233 thread.c:280] get_cpuset: 6	0	16	3	8
I0430 08:38:02.952746  36   5233 thread.c:280] get_cpuset: 7	0	16	3	8
I0430 08:38:02.952748  36   5233 thread.c:280] get_cpuset: 8	0	16	4	8
I0430 08:38:02.952750  36   5233 thread.c:280] get_cpuset: 9	0	16	4	8
I0430 08:38:02.952752  36   5233 thread.c:280] get_cpuset: 10	0	16	5	8
I0430 08:38:02.952754  36   5233 thread.c:280] get_cpuset: 11	0	16	5	8
I0430 08:38:02.952756  36   5233 thread.c:280] get_cpuset: 12	0	16	6	8
I0430 08:38:02.952758  36   5233 thread.c:280] get_cpuset: 13	0	16	6	8
I0430 08:38:02.952760  36   5233 thread.c:280] get_cpuset: 14	0	16	7	8
I0430 08:38:02.952762  36   5233 thread.c:280] get_cpuset: 15	0	16	7	8
I0430 08:38:02.952775  38   5233 thread.c:369] start_worker_threads: Number of allowed_cores = 16
I0430 08:38:02.952942  38   5233 thread.c:451] start_worker_threads: worker threads are ready
I0430 08:38:02.952945  38   5233 thread.c:569] run_main_thread: started worker threads
I0430 08:38:02.952950  38   5233 control_plane.c:385] control_plane_wait_until_done: expecting 1 clients
I0430 08:38:04.702568  38   5233 control_plane.c:249] ctrl_accept: +++ SER <-- CLI ? CLI_HELLO
I0430 08:38:04.702579  38   5233 control_plane.c:271] ctrl_accept: +++ SER <-- CLI   CLI_HELLO -T 2 -F 10 -l 100 -m 0
I0430 08:38:04.702582  38   5233 control_plane.c:282] ctrl_accept: +++ SER --> CLI   SER_ACK -T 1 -F 1 -l 100
I0430 08:38:04.702602  38   5233 control_plane.c:284] ctrl_accept: Control connection established with 127.0.0.1:57934
I0430 08:38:04.702605  38   5233 control_plane.c:390] control_plane_wait_until_done: client 0 connected
I0430 08:38:04.702613  38   5233 control_plane.c:397] control_plane_wait_until_done: expecting 1 notifications
I0430 08:38:04.702616  38   5233 control_plane.c:64] recv_msg: --- SER <-- CLI   CLI_DONE (3)
I0430 08:39:44.722015  38   5233 control_plane.c:298] ctrl_wait_client: +++ SER <-- CLI   CLI_DONE rate 187994
I0430 08:39:44.722021  38   5233 control_plane.c:401] control_plane_wait_until_done: received notification 0
I0430 08:39:44.722027  38   5233 thread.c:467] stop_worker_threads: told thread 0 to stop
I0430 08:39:44.722067  38   5233 thread.c:476] stop_worker_threads: joined thread 0
I0430 08:39:44.722068  38   5233 thread.c:482] stop_worker_threads: reschedule=0
I0430 08:39:44.722070  38   5233 thread.c:483] stop_worker_threads: delay=0
I0430 08:39:44.722071  38   5233 thread.c:484] stop_worker_threads: sleep=0
I0430 08:39:44.722072  38   5233 thread.c:580] run_main_thread: stopped worker threads
I0430 08:39:44.722113  54   5233 control_plane.c:429] control_plane_stop: +++ SER --> CLI SER_BYE rate 0
