E0428 13:39:33.825010  36  13731 control_plane.c:134] connect_any: connect: Connection refused
I0428 13:39:33.825092  36  13731 control_plane.c:170] ctrl_connect: +++ CLI --> SER   CLI_HELLO -T 2 -F 10 -l 10 -m 0
I0428 13:39:33.825111  36  13731 control_plane.c:64] recv_msg: --- CLI <-- SER   SER_ACK (2)
I0428 13:39:33.825145  36  13731 control_plane.c:179] ctrl_connect: +++ CLI <-- SER   SER_ACK -T 2 -F 10 -l 10 -m 0
I0428 13:39:33.825148  36  13731 control_plane.c:343] control_plane_start: connected to control port
I0428 13:39:33.843072  36  13731 thread.c:280] get_cpuset: 0	0	16	0	8
I0428 13:39:33.843081  36  13731 thread.c:280] get_cpuset: 1	0	16	0	8
I0428 13:39:33.843084  36  13731 thread.c:280] get_cpuset: 2	0	16	1	8
I0428 13:39:33.843086  36  13731 thread.c:280] get_cpuset: 3	0	16	1	8
I0428 13:39:33.843088  36  13731 thread.c:280] get_cpuset: 4	0	16	2	8
I0428 13:39:33.843090  36  13731 thread.c:280] get_cpuset: 5	0	16	2	8
I0428 13:39:33.843092  36  13731 thread.c:280] get_cpuset: 6	0	16	3	8
I0428 13:39:33.843094  36  13731 thread.c:280] get_cpuset: 7	0	16	3	8
I0428 13:39:33.843096  36  13731 thread.c:280] get_cpuset: 8	0	16	4	8
I0428 13:39:33.843098  36  13731 thread.c:280] get_cpuset: 9	0	16	4	8
I0428 13:39:33.843100  36  13731 thread.c:280] get_cpuset: 10	0	16	5	8
I0428 13:39:33.843102  36  13731 thread.c:280] get_cpuset: 11	0	16	5	8
I0428 13:39:33.843104  36  13731 thread.c:280] get_cpuset: 12	0	16	6	8
I0428 13:39:33.843106  36  13731 thread.c:280] get_cpuset: 13	0	16	6	8
I0428 13:39:33.843108  36  13731 thread.c:280] get_cpuset: 14	0	16	7	8
I0428 13:39:33.843110  36  13731 thread.c:280] get_cpuset: 15	0	16	7	8
I0428 13:39:33.843129  38  13731 thread.c:369] start_worker_threads: Number of allowed_cores = 16
I0428 13:39:33.844279  38  13731 thread.c:451] start_worker_threads: worker threads are ready
I0428 13:39:33.844285  38  13731 thread.c:569] run_main_thread: started worker threads
I0428 13:39:33.844310  38  13733 thread.c:311] thread_time_start: Setting time_start in thread 1
I0428 13:39:43.844313  38  13731 control_plane.c:371] control_plane_wait_until_done: finished sleep
I0428 13:39:43.844328  38  13731 thread.c:467] stop_worker_threads: told thread 0 to stop
I0428 13:39:43.844331  38  13731 thread.c:467] stop_worker_threads: told thread 1 to stop
I0428 13:39:43.844459  38  13731 thread.c:476] stop_worker_threads: joined thread 0
I0428 13:39:43.844462  38  13731 thread.c:476] stop_worker_threads: joined thread 1
I0428 13:39:43.844464  38  13731 thread.c:482] stop_worker_threads: reschedule=0
I0428 13:39:43.844465  38  13731 thread.c:483] stop_worker_threads: delay=0
I0428 13:39:43.844467  38  13731 thread.c:484] stop_worker_threads: sleep=0
I0428 13:39:43.844469  38  13731 thread.c:580] run_main_thread: stopped worker threads
I0428 13:39:43.844635  63  13731 control_plane.c:308] ctrl_notify_server: +++ CLI --> SER   CLI_DONE rate 443583
I0428 13:39:43.844652  63  13731 control_plane.c:412] control_plane_stop: notified server to exit
I0428 13:39:43.844654  63  13731 control_plane.c:64] recv_msg: --- CLI <-- SER   CLI_BYE (4)
I0428 13:39:43.844813  63  13731 control_plane.c:416] control_plane_stop: +++ CLI <-- SER   SER_BYE rate 0
